<?xml version="1.0" encoding="UTF-8"?>
<!-- Generated by org.testng.reporters.JUnitXMLReporter -->
<testsuite hostname="LAPTOP-HIRLS63Q" failures="0" tests="4" name="Test" time="0.06" errors="0" timestamp="4 Aug 2022 09:24:23 GMT">
  <testcase classname="org.mavenexample.practice.Example2Test" name="print1Test" time="0.015"/>
  <testcase classname="org.mavenexample.practice.Example2Test" name="print2Test" time="0.002"/>
  <testcase classname="org.mavenexample.practice.Example1Test" name="print1Test" time="0.002"/>
  <testcase classname="org.mavenexample.practice.Example1Test" name="print2Test" time="0.005"/>
</testsuite> <!-- Test -->
