<?xml version="1.0" encoding="UTF-8"?>
<testng-results total="4" passed="4" failed="0" skipped="0">
  <reporter-output>
  </reporter-output>
  <suite started-at="2022-08-04T09:24:23Z" name="Suite" finished-at="2022-08-04T09:24:23Z" duration-ms="60">
    <groups>
    </groups>
    <test started-at="2022-08-04T09:24:23Z" name="Test" finished-at="2022-08-04T09:24:23Z" duration-ms="60">
      <class name="org.mavenexample.practice.Example2Test">
        <test-method signature="print1Test()[pri:0, instance:org.mavenexample.practice.Example2Test@6d167f58]" started-at="2022-08-04T14:54:23Z" name="print1Test" finished-at="2022-08-04T14:54:23Z" duration-ms="15" status="PASS">
          <reporter-output>
          </reporter-output>
        </test-method> <!-- print1Test -->
        <test-method signature="print2Test()[pri:0, instance:org.mavenexample.practice.Example2Test@6d167f58]" started-at="2022-08-04T14:54:23Z" name="print2Test" finished-at="2022-08-04T14:54:23Z" duration-ms="2" status="PASS">
          <reporter-output>
          </reporter-output>
        </test-method> <!-- print2Test -->
      </class> <!-- org.mavenexample.practice.Example2Test -->
      <class name="org.mavenexample.practice.Example1Test">
        <test-method signature="print1Test()[pri:0, instance:org.mavenexample.practice.Example1Test@327bcebd]" started-at="2022-08-04T14:54:23Z" name="print1Test" finished-at="2022-08-04T14:54:23Z" duration-ms="2" status="PASS">
          <reporter-output>
          </reporter-output>
        </test-method> <!-- print1Test -->
        <test-method signature="print2Test()[pri:0, instance:org.mavenexample.practice.Example1Test@327bcebd]" started-at="2022-08-04T14:54:23Z" name="print2Test" finished-at="2022-08-04T14:54:23Z" duration-ms="5" status="PASS">
          <reporter-output>
          </reporter-output>
        </test-method> <!-- print2Test -->
      </class> <!-- org.mavenexample.practice.Example1Test -->
    </test> <!-- Test -->
  </suite> <!-- Suite -->
</testng-results>
